<?xml version="1.0" encoding="UTF-8"?>
<testng-results ignored="0" total="3" passed="2" failed="1" skipped="0">
  <reporter-output>
  </reporter-output>
  <suite started-at="2021-10-02T21:43:53 EDT" name="All Test Suite" finished-at="2021-10-02T21:44:35 EDT" duration-ms="42481">
    <groups>
    </groups>
    <test started-at="2021-10-02T21:43:53 EDT" name="Base Test" finished-at="2021-10-02T21:44:23 EDT" duration-ms="30187">
      <class name="testscripts.BaseTest">
        <test-method is-config="true" signature="signInPageNavigation()[pri:0, instance:testscripts.BaseTest@35038141]" started-at="2021-10-02T21:43:53 EDT" name="signInPageNavigation" finished-at="2021-10-02T21:44:00 EDT" duration-ms="7501" status="PASS">
          <reporter-output>
          </reporter-output>
        </test-method> <!-- signInPageNavigation -->
        <test-method signature="test()[pri:0, instance:testscripts.BaseTest@35038141]" started-at="2021-10-02T21:44:00 EDT" name="test" finished-at="2021-10-02T21:44:22 EDT" duration-ms="22141" status="PASS">
          <reporter-output>
          </reporter-output>
        </test-method> <!-- test -->
        <test-method is-config="true" signature="tearDown()[pri:0, instance:testscripts.BaseTest@35038141]" started-at="2021-10-02T21:44:22 EDT" name="tearDown" finished-at="2021-10-02T21:44:23 EDT" duration-ms="393" status="PASS">
          <reporter-output>
          </reporter-output>
        </test-method> <!-- tearDown -->
      </class> <!-- testscripts.BaseTest -->
    </test> <!-- Base Test -->
    <test started-at="2021-10-02T21:43:53 EDT" name=" Sign In Page Test" finished-at="2021-10-02T21:44:35 EDT" duration-ms="42481">
      <class name="testscripts.SignInPageTest">
        <test-method is-config="true" signature="setUp()[pri:0, instance:testscripts.SignInPageTest@70e0accd]" started-at="2021-10-02T21:43:53 EDT" name="setUp" finished-at="2021-10-02T21:44:21 EDT" duration-ms="28195" status="PASS">
          <reporter-output>
          </reporter-output>
        </test-method> <!-- setUp -->
        <test-method signature="signInTest(java.lang.String,java.lang.String)[pri:0, instance:testscripts.SignInPageTest@70e0accd]" started-at="2021-10-02T21:44:21 EDT" name="signInTest" data-provider="getData" finished-at="2021-10-02T21:44:27 EDT" duration-ms="6068" status="PASS">
          <params>
            <param index="0">
              <value>
                <![CDATA[abc@gmail.com]]>
              </value>
            </param>
            <param index="1">
              <value>
                <![CDATA[abc123]]>
              </value>
            </param>
          </params>
          <reporter-output>
          </reporter-output>
        </test-method> <!-- signInTest -->
        <test-method signature="signInTest(java.lang.String,java.lang.String)[pri:0, instance:testscripts.SignInPageTest@70e0accd]" started-at="2021-10-02T21:44:27 EDT" name="signInTest" data-provider="getData" finished-at="2021-10-02T21:44:29 EDT" duration-ms="1772" status="FAIL">
          <params>
            <param index="0">
              <value>
                <![CDATA[xyz@gmail.com]]>
              </value>
            </param>
            <param index="1">
              <value>
                <![CDATA[xy123]]>
              </value>
            </param>
          </params>
          <exception class="org.openqa.selenium.ElementClickInterceptedException">
            <message>
              <![CDATA[element click intercepted: Element <button type="button" class="btn btn-primary signin user disabled" disabled="disabled">...</button> is not clickable at point (975, 455). Other element would receive the click: <form id="login-form" action="javascript:;" autocomplete="off" class="" novalidate="novalidate">...</form>
  (Session info: chrome=94.0.4606.61)
Build info: version: '4.0.0-rc-1', revision: 'bc5511cbda'
System info: host: 'Harshithas-MacBook-Pro.local', ip: '2607:fea8:5aa3:1100:0:0:0:698d%en0', os.name: 'Mac OS X', os.arch: 'x86_64', os.version: '10.16', java.version: '11.0.11'
Driver info: org.openqa.selenium.chrome.ChromeDriver
Command: [af9cf0c73f4b147f792c28773eea9360, clickElement {id=237341b7-941a-4fb6-b76e-8b1282f9cb62}]
Capabilities {acceptInsecureCerts: false, browserName: chrome, browserVersion: 94.0.4606.61, chrome: {chromedriverVersion: 94.0.4606.61 (418b78f5838ed..., userDataDir: /var/folders/4k/8dh31nz10j5...}, goog:chromeOptions: {debuggerAddress: localhost:49415}, javascriptEnabled: true, networkConnectionEnabled: false, pageLoadStrategy: normal, platform: MAC, platformName: MAC, proxy: Proxy(), se:cdp: ws://localhost:49415/devtoo..., se:cdpVersion: 94.0.4606.61, setWindowRect: true, strictFileInteractability: false, timeouts: {implicit: 0, pageLoad: 300000, script: 30000}, unhandledPromptBehavior: dismiss and notify, webauthn:extension:credBlob: true, webauthn:extension:largeBlob: true, webauthn:virtualAuthenticators: true}
Element: [[ChromeDriver: chrome on MAC (af9cf0c73f4b147f792c28773eea9360)] -> xpath: //div[@class='signin']/button]
Session ID: af9cf0c73f4b147f792c28773eea9360]]>
            </message>
            <full-stacktrace>
              <![CDATA[org.openqa.selenium.ElementClickInterceptedException: element click intercepted: Element <button type="button" class="btn btn-primary signin user disabled" disabled="disabled">...</button> is not clickable at point (975, 455). Other element would receive the click: <form id="login-form" action="javascript:;" autocomplete="off" class="" novalidate="novalidate">...</form>
  (Session info: chrome=94.0.4606.61)
Build info: version: '4.0.0-rc-1', revision: 'bc5511cbda'
System info: host: 'Harshithas-MacBook-Pro.local', ip: '2607:fea8:5aa3:1100:0:0:0:698d%en0', os.name: 'Mac OS X', os.arch: 'x86_64', os.version: '10.16', java.version: '11.0.11'
Driver info: org.openqa.selenium.chrome.ChromeDriver
Command: [af9cf0c73f4b147f792c28773eea9360, clickElement {id=237341b7-941a-4fb6-b76e-8b1282f9cb62}]
Capabilities {acceptInsecureCerts: false, browserName: chrome, browserVersion: 94.0.4606.61, chrome: {chromedriverVersion: 94.0.4606.61 (418b78f5838ed..., userDataDir: /var/folders/4k/8dh31nz10j5...}, goog:chromeOptions: {debuggerAddress: localhost:49415}, javascriptEnabled: true, networkConnectionEnabled: false, pageLoadStrategy: normal, platform: MAC, platformName: MAC, proxy: Proxy(), se:cdp: ws://localhost:49415/devtoo..., se:cdpVersion: 94.0.4606.61, setWindowRect: true, strictFileInteractability: false, timeouts: {implicit: 0, pageLoad: 300000, script: 30000}, unhandledPromptBehavior: dismiss and notify, webauthn:extension:credBlob: true, webauthn:extension:largeBlob: true, webauthn:virtualAuthenticators: true}
Element: [[ChromeDriver: chrome on MAC (af9cf0c73f4b147f792c28773eea9360)] -> xpath: //div[@class='signin']/button]
Session ID: af9cf0c73f4b147f792c28773eea9360
at java.base/jdk.internal.reflect.NativeConstructorAccessorImpl.newInstance0(Native Method)
at java.base/jdk.internal.reflect.NativeConstructorAccessorImpl.newInstance(NativeConstructorAccessorImpl.java:62)
at java.base/jdk.internal.reflect.DelegatingConstructorAccessorImpl.newInstance(DelegatingConstructorAccessorImpl.java:45)
at java.base/java.lang.reflect.Constructor.newInstance(Constructor.java:490)
at org.openqa.selenium.remote.codec.w3c.W3CHttpResponseCodec.createException(W3CHttpResponseCodec.java:200)
at org.openqa.selenium.remote.codec.w3c.W3CHttpResponseCodec.decode(W3CHttpResponseCodec.java:133)
at org.openqa.selenium.remote.codec.w3c.W3CHttpResponseCodec.decode(W3CHttpResponseCodec.java:53)
at org.openqa.selenium.remote.HttpCommandExecutor.execute(HttpCommandExecutor.java:184)
at org.openqa.selenium.remote.service.DriverCommandExecutor.invokeExecute(DriverCommandExecutor.java:164)
at org.openqa.selenium.remote.service.DriverCommandExecutor.execute(DriverCommandExecutor.java:139)
at org.openqa.selenium.remote.RemoteWebDriver.execute(RemoteWebDriver.java:547)
at org.openqa.selenium.remote.RemoteWebElement.execute(RemoteWebElement.java:251)
at org.openqa.selenium.remote.RemoteWebElement.click(RemoteWebElement.java:77)
at java.base/jdk.internal.reflect.NativeMethodAccessorImpl.invoke0(Native Method)
at java.base/jdk.internal.reflect.NativeMethodAccessorImpl.invoke(NativeMethodAccessorImpl.java:62)
at java.base/jdk.internal.reflect.DelegatingMethodAccessorImpl.invoke(DelegatingMethodAccessorImpl.java:43)
at java.base/java.lang.reflect.Method.invoke(Method.java:566)
at org.openqa.selenium.support.pagefactory.internal.LocatingElementHandler.invoke(LocatingElementHandler.java:52)
at com.sun.proxy.$Proxy30.click(Unknown Source)
at pages.SignInPage.clickSignIn(SignInPage.java:36)
at testscripts.SignInPageTest.signInTest(SignInPageTest.java:33)
at java.base/jdk.internal.reflect.NativeMethodAccessorImpl.invoke0(Native Method)
at java.base/jdk.internal.reflect.NativeMethodAccessorImpl.invoke(NativeMethodAccessorImpl.java:62)
at java.base/jdk.internal.reflect.DelegatingMethodAccessorImpl.invoke(DelegatingMethodAccessorImpl.java:43)
at java.base/java.lang.reflect.Method.invoke(Method.java:566)
at org.testng.internal.MethodInvocationHelper.invokeMethod(MethodInvocationHelper.java:133)
at org.testng.internal.TestInvoker.invokeMethod(TestInvoker.java:598)
at org.testng.internal.TestInvoker.invokeTestMethod(TestInvoker.java:173)
at org.testng.internal.MethodRunner.runInSequence(MethodRunner.java:46)
at org.testng.internal.TestInvoker$MethodInvocationAgent.invoke(TestInvoker.java:824)
at org.testng.internal.TestInvoker.invokeTestMethods(TestInvoker.java:146)
at org.testng.internal.TestMethodWorker.invokeTestMethods(TestMethodWorker.java:146)
at org.testng.internal.TestMethodWorker.run(TestMethodWorker.java:128)
at java.base/java.util.ArrayList.forEach(ArrayList.java:1541)
at org.testng.TestRunner.privateRun(TestRunner.java:794)
at org.testng.TestRunner.run(TestRunner.java:596)
at org.testng.SuiteRunner.runTest(SuiteRunner.java:377)
at org.testng.SuiteRunner.access$000(SuiteRunner.java:28)
at org.testng.SuiteRunner$SuiteWorker.run(SuiteRunner.java:418)
at org.testng.internal.thread.ThreadUtil.lambda$execute$0(ThreadUtil.java:64)
at java.base/java.util.concurrent.FutureTask.run(FutureTask.java:264)
at java.base/java.util.concurrent.ThreadPoolExecutor.runWorker(ThreadPoolExecutor.java:1128)
at java.base/java.util.concurrent.ThreadPoolExecutor$Worker.run(ThreadPoolExecutor.java:628)
at java.base/java.lang.Thread.run(Thread.java:834)
]]>
            </full-stacktrace>
          </exception> <!-- org.openqa.selenium.ElementClickInterceptedException -->
          <reporter-output>
          </reporter-output>
        </test-method> <!-- signInTest -->
        <test-method is-config="true" signature="tearDown()[pri:0, instance:testscripts.SignInPageTest@70e0accd]" started-at="2021-10-02T21:44:30 EDT" name="tearDown" finished-at="2021-10-02T21:44:35 EDT" duration-ms="5261" status="PASS">
          <reporter-output>
          </reporter-output>
        </test-method> <!-- tearDown -->
      </class> <!-- testscripts.SignInPageTest -->
    </test> <!--  Sign In Page Test -->
  </suite> <!-- All Test Suite -->
</testng-results>
