<?xml version="1.0" encoding="UTF-8"?>
<testng-results ignored="0" total="2" passed="1" failed="1" skipped="0">
  <reporter-output>
  </reporter-output>
  <suite started-at="2021-09-30T22:46:00 EDT" name="All Test Suite" finished-at="2021-09-30T22:46:29 EDT" duration-ms="29019">
    <groups>
    </groups>
    <test started-at="2021-09-30T22:46:00 EDT" name="/Users/harshithakeshav/IdeaProjects/Zoom_FrameWork_TestNG" finished-at="2021-09-30T22:46:29 EDT" duration-ms="29019">
      <class name="testscripts.SignInPageTest">
        <test-method is-config="true" signature="setUp()[pri:0, instance:testscripts.SignInPageTest@3ee0fea4]" started-at="2021-09-30T22:46:00 EDT" name="setUp" finished-at="2021-09-30T22:46:19 EDT" duration-ms="19135" status="PASS">
          <reporter-output>
          </reporter-output>
        </test-method> <!-- setUp -->
        <test-method signature="signInTest(java.lang.String,java.lang.String)[pri:0, instance:testscripts.SignInPageTest@3ee0fea4]" started-at="2021-09-30T22:46:19 EDT" name="signInTest" data-provider="getData" finished-at="2021-09-30T22:46:21 EDT" duration-ms="2286" status="PASS">
          <params>
            <param index="0">
              <value>
                <![CDATA[harshitha.keshav19@gmail.com]]>
              </value>
            </param>
            <param index="1">
              <value>
                <![CDATA[Harshi123]]>
              </value>
            </param>
          </params>
          <reporter-output>
          </reporter-output>
        </test-method> <!-- signInTest -->
        <test-method signature="signInTest(java.lang.String,java.lang.String)[pri:0, instance:testscripts.SignInPageTest@3ee0fea4]" started-at="2021-09-30T22:46:21 EDT" name="signInTest" data-provider="getData" finished-at="2021-09-30T22:46:24 EDT" duration-ms="2385" status="FAIL">
          <params>
            <param index="0">
              <value>
                <![CDATA[harshee.keshav@gmail.com]]>
              </value>
            </param>
            <param index="1">
              <value>
                <![CDATA[HK123]]>
              </value>
            </param>
          </params>
          <exception class="org.openqa.selenium.ElementClickInterceptedException">
            <message>
              <![CDATA[element click intercepted: Element <button type="button" class="btn btn-primary signin user disabled" disabled="disabled">...</button> is not clickable at point (975, 455). Other element would receive the click: <form id="login-form" action="javascript:;" autocomplete="off" class="" novalidate="novalidate">...</form>
  (Session info: chrome=94.0.4606.61)
Build info: version: '4.0.0-rc-1', revision: 'bc5511cbda'
System info: host: 'Harshithas-MacBook-Pro.local', ip: '2607:fea8:5aa3:1100:0:0:0:698d%en0', os.name: 'Mac OS X', os.arch: 'x86_64', os.version: '11.5', java.version: '16.0.1'
Driver info: org.openqa.selenium.chrome.ChromeDriver
Command: [708db02cabeb10beef671cf94583a577, clickElement {id=26db6cfa-7198-41bf-b1ec-417bb31dfefe}]
Capabilities {acceptInsecureCerts: false, browserName: chrome, browserVersion: 94.0.4606.61, chrome: {chromedriverVersion: 94.0.4606.61 (418b78f5838ed..., userDataDir: /var/folders/4k/8dh31nz10j5...}, goog:chromeOptions: {debuggerAddress: localhost:50242}, javascriptEnabled: true, networkConnectionEnabled: false, pageLoadStrategy: normal, platform: MAC, platformName: MAC, proxy: Proxy(), se:cdp: ws://localhost:50242/devtoo..., se:cdpVersion: 94.0.4606.61, setWindowRect: true, strictFileInteractability: false, timeouts: {implicit: 0, pageLoad: 300000, script: 30000}, unhandledPromptBehavior: dismiss and notify, webauthn:extension:credBlob: true, webauthn:extension:largeBlob: true, webauthn:virtualAuthenticators: true}
Element: [[ChromeDriver: chrome on MAC (708db02cabeb10beef671cf94583a577)] -> xpath: //div[@class='signin']/button]
Session ID: 708db02cabeb10beef671cf94583a577]]>
            </message>
            <full-stacktrace>
              <![CDATA[org.openqa.selenium.ElementClickInterceptedException: element click intercepted: Element <button type="button" class="btn btn-primary signin user disabled" disabled="disabled">...</button> is not clickable at point (975, 455). Other element would receive the click: <form id="login-form" action="javascript:;" autocomplete="off" class="" novalidate="novalidate">...</form>
  (Session info: chrome=94.0.4606.61)
Build info: version: '4.0.0-rc-1', revision: 'bc5511cbda'
System info: host: 'Harshithas-MacBook-Pro.local', ip: '2607:fea8:5aa3:1100:0:0:0:698d%en0', os.name: 'Mac OS X', os.arch: 'x86_64', os.version: '11.5', java.version: '16.0.1'
Driver info: org.openqa.selenium.chrome.ChromeDriver
Command: [708db02cabeb10beef671cf94583a577, clickElement {id=26db6cfa-7198-41bf-b1ec-417bb31dfefe}]
Capabilities {acceptInsecureCerts: false, browserName: chrome, browserVersion: 94.0.4606.61, chrome: {chromedriverVersion: 94.0.4606.61 (418b78f5838ed..., userDataDir: /var/folders/4k/8dh31nz10j5...}, goog:chromeOptions: {debuggerAddress: localhost:50242}, javascriptEnabled: true, networkConnectionEnabled: false, pageLoadStrategy: normal, platform: MAC, platformName: MAC, proxy: Proxy(), se:cdp: ws://localhost:50242/devtoo..., se:cdpVersion: 94.0.4606.61, setWindowRect: true, strictFileInteractability: false, timeouts: {implicit: 0, pageLoad: 300000, script: 30000}, unhandledPromptBehavior: dismiss and notify, webauthn:extension:credBlob: true, webauthn:extension:largeBlob: true, webauthn:virtualAuthenticators: true}
Element: [[ChromeDriver: chrome on MAC (708db02cabeb10beef671cf94583a577)] -> xpath: //div[@class='signin']/button]
Session ID: 708db02cabeb10beef671cf94583a577
at java.base/jdk.internal.reflect.NativeConstructorAccessorImpl.newInstance0(Native Method)
at java.base/jdk.internal.reflect.NativeConstructorAccessorImpl.newInstance(NativeConstructorAccessorImpl.java:78)
at java.base/jdk.internal.reflect.DelegatingConstructorAccessorImpl.newInstance(DelegatingConstructorAccessorImpl.java:45)
at java.base/java.lang.reflect.Constructor.newInstanceWithCaller(Constructor.java:499)
at java.base/java.lang.reflect.Constructor.newInstance(Constructor.java:480)
at org.openqa.selenium.remote.codec.w3c.W3CHttpResponseCodec.createException(W3CHttpResponseCodec.java:200)
at org.openqa.selenium.remote.codec.w3c.W3CHttpResponseCodec.decode(W3CHttpResponseCodec.java:133)
at org.openqa.selenium.remote.codec.w3c.W3CHttpResponseCodec.decode(W3CHttpResponseCodec.java:53)
at org.openqa.selenium.remote.HttpCommandExecutor.execute(HttpCommandExecutor.java:184)
at org.openqa.selenium.remote.service.DriverCommandExecutor.invokeExecute(DriverCommandExecutor.java:164)
at org.openqa.selenium.remote.service.DriverCommandExecutor.execute(DriverCommandExecutor.java:139)
at org.openqa.selenium.remote.RemoteWebDriver.execute(RemoteWebDriver.java:547)
at org.openqa.selenium.remote.RemoteWebElement.execute(RemoteWebElement.java:251)
at org.openqa.selenium.remote.RemoteWebElement.click(RemoteWebElement.java:77)
at java.base/jdk.internal.reflect.NativeMethodAccessorImpl.invoke0(Native Method)
at java.base/jdk.internal.reflect.NativeMethodAccessorImpl.invoke(NativeMethodAccessorImpl.java:78)
at java.base/jdk.internal.reflect.DelegatingMethodAccessorImpl.invoke(DelegatingMethodAccessorImpl.java:43)
at java.base/java.lang.reflect.Method.invoke(Method.java:567)
at org.openqa.selenium.support.pagefactory.internal.LocatingElementHandler.invoke(LocatingElementHandler.java:52)
at jdk.proxy2/jdk.proxy2.$Proxy14.click(Unknown Source)
at pages.SignInPage.clickSignIn(SignInPage.java:36)
at testscripts.SignInPageTest.signInTest(SignInPageTest.java:30)
at java.base/jdk.internal.reflect.NativeMethodAccessorImpl.invoke0(Native Method)
at java.base/jdk.internal.reflect.NativeMethodAccessorImpl.invoke(NativeMethodAccessorImpl.java:78)
at java.base/jdk.internal.reflect.DelegatingMethodAccessorImpl.invoke(DelegatingMethodAccessorImpl.java:43)
at java.base/java.lang.reflect.Method.invoke(Method.java:567)
at org.testng.internal.MethodInvocationHelper.invokeMethod(MethodInvocationHelper.java:133)
at org.testng.internal.TestInvoker.invokeMethod(TestInvoker.java:598)
at org.testng.internal.TestInvoker.invokeTestMethod(TestInvoker.java:173)
at org.testng.internal.MethodRunner.runInSequence(MethodRunner.java:46)
at org.testng.internal.TestInvoker$MethodInvocationAgent.invoke(TestInvoker.java:824)
at org.testng.internal.TestInvoker.invokeTestMethods(TestInvoker.java:146)
at org.testng.internal.TestMethodWorker.invokeTestMethods(TestMethodWorker.java:146)
at org.testng.internal.TestMethodWorker.run(TestMethodWorker.java:128)
at java.base/java.util.ArrayList.forEach(ArrayList.java:1511)
at org.testng.TestRunner.privateRun(TestRunner.java:794)
at org.testng.TestRunner.run(TestRunner.java:596)
at org.testng.SuiteRunner.runTest(SuiteRunner.java:377)
at org.testng.SuiteRunner.runSequentially(SuiteRunner.java:371)
at org.testng.SuiteRunner.privateRun(SuiteRunner.java:332)
at org.testng.SuiteRunner.run(SuiteRunner.java:276)
at org.testng.SuiteRunnerWorker.runSuite(SuiteRunnerWorker.java:53)
at org.testng.SuiteRunnerWorker.run(SuiteRunnerWorker.java:96)
at org.testng.TestNG.runSuitesSequentially(TestNG.java:1212)
at org.testng.TestNG.runSuitesLocally(TestNG.java:1134)
at org.testng.TestNG.runSuites(TestNG.java:1063)
at org.testng.TestNG.run(TestNG.java:1031)
at org.apache.maven.surefire.testng.TestNGExecutor.run(TestNGExecutor.java:284)
at org.apache.maven.surefire.testng.TestNGXmlTestSuite.execute(TestNGXmlTestSuite.java:75)
at org.apache.maven.surefire.testng.TestNGProvider.invoke(TestNGProvider.java:119)
at org.apache.maven.surefire.booter.ForkedBooter.runSuitesInProcess(ForkedBooter.java:428)
at org.apache.maven.surefire.booter.ForkedBooter.execute(ForkedBooter.java:162)
at org.apache.maven.surefire.booter.ForkedBooter.run(ForkedBooter.java:562)
at org.apache.maven.surefire.booter.ForkedBooter.main(ForkedBooter.java:548)
]]>
            </full-stacktrace>
          </exception> <!-- org.openqa.selenium.ElementClickInterceptedException -->
          <reporter-output>
          </reporter-output>
        </test-method> <!-- signInTest -->
        <test-method is-config="true" signature="tearDown()[pri:0, instance:testscripts.SignInPageTest@3ee0fea4]" started-at="2021-09-30T22:46:24 EDT" name="tearDown" finished-at="2021-09-30T22:46:29 EDT" duration-ms="5138" status="PASS">
          <reporter-output>
          </reporter-output>
        </test-method> <!-- tearDown -->
      </class> <!-- testscripts.SignInPageTest -->
    </test> <!-- /Users/harshithakeshav/IdeaProjects/Zoom_FrameWork_TestNG -->
  </suite> <!-- All Test Suite -->
</testng-results>
