<?xml version="1.0" encoding="UTF-8"?>
<testsuite xmlns:xsi="http://www.w3.org/2001/XMLSchema-instance" xsi:noNamespaceSchemaLocation="https://maven.apache.org/surefire/maven-surefire-plugin/xsd/surefire-test-report-3.0.xsd" version="3.0" name="TestSuite" time="47.433" tests="3" errors="0" skipped="0" failures="1">
  <properties>
[...]
</properties>
  <testcase name="test" classname="testscripts.BaseTest" time="12.532">
    <system-err><![CDATA[SLF4J: Failed to load class "org.slf4j.impl.StaticLoggerBinder".
SLF4J: Defaulting to no-operation (NOP) logger implementation
SLF4J: See http://www.slf4j.org/codes.html#StaticLoggerBinder for further details.
Starting ChromeDriver 94.0.4606.61 (418b78f5838ed0b1c69bb4e51ea0252171854915-refs/branch-heads/4606@{#1204}) on port 22872
Only local connections are allowed.
Please see https://chromedriver.chromium.org/security-considerations for suggestions on keeping ChromeDriver safe.
ChromeDriver was started successfully.
Starting ChromeDriver 94.0.4606.61 (418b78f5838ed0b1c69bb4e51ea0252171854915-refs/branch-heads/4606@{#1204}) on port 27663
Only local connections are allowed.
Please see https://chromedriver.chromium.org/security-considerations for suggestions on keeping ChromeDriver safe.
ChromeDriver was started successfully.
Oct. 02, 2021 6:20:18 P.M. org.openqa.selenium.remote.ProtocolHandshake createSession
INFO: Detected dialect: W3C
Oct. 02, 2021 6:20:19 P.M. org.openqa.selenium.devtools.CdpVersionFinder findNearestMatch
WARNING: Unable to find an exact match for CDP version 94, so returning the closest version found: 93
Oct. 02, 2021 6:20:19 P.M. org.openqa.selenium.devtools.CdpVersionFinder findNearestMatch
INFO: Found CDP implementation for version 94 of 93
Oct. 02, 2021 6:20:24 P.M. org.openqa.selenium.remote.ProtocolHandshake createSession
INFO: Detected dialect: W3C
Oct. 02, 2021 6:20:24 P.M. org.openqa.selenium.devtools.CdpVersionFinder findNearestMatch
WARNING: Unable to find an exact match for CDP version 94, so returning the closest version found: 93
Oct. 02, 2021 6:20:24 P.M. org.openqa.selenium.devtools.CdpVersionFinder findNearestMatch
INFO: Found CDP implementation for version 94 of 93
]]></system-err>
  </testcase>
  <testcase name="signInTest[abc@gmail.com, abc123](1)" classname="testscripts.SignInPageTest" time="2.494"/>
  <testcase name="signInTest[xyz@gmail.com, xy123](2)" classname="testscripts.SignInPageTest" time="2.186">
    <failure message="element click intercepted: Element &lt;button type=&quot;button&quot; class=&quot;btn btn-primary signin user disabled&quot; disabled=&quot;disabled&quot;&gt;...&lt;/button&gt; is not clickable at point (975, 455). Other element would receive the click: &lt;form id=&quot;login-form&quot; action=&quot;javascript:;&quot; autocomplete=&quot;off&quot; class=&quot;&quot; novalidate=&quot;novalidate&quot;&gt;...&lt;/form&gt;&#10;  (Session info: chrome=94.0.4606.61)&#10;Build info: version: &apos;4.0.0-rc-1&apos;, revision: &apos;bc5511cbda&apos;&#10;System info: host: &apos;Harshithas-MacBook-Pro.local&apos;, ip: &apos;2607:fea8:5aa3:1100:0:0:0:698d%en0&apos;, os.name: &apos;Mac OS X&apos;, os.arch: &apos;x86_64&apos;, os.version: &apos;10.16&apos;, java.version: &apos;11.0.11&apos;&#10;Driver info: org.openqa.selenium.chrome.ChromeDriver&#10;Command: [67eda134c39f2275df5d6589b323f1c6, clickElement {id=970921d1-29e8-4deb-88e2-aa1621aa9500}]&#10;Capabilities {acceptInsecureCerts: false, browserName: chrome, browserVersion: 94.0.4606.61, chrome: {chromedriverVersion: 94.0.4606.61 (418b78f5838ed..., userDataDir: /var/folders/4k/8dh31nz10j5...}, goog:chromeOptions: {debuggerAddress: localhost:63770}, javascriptEnabled: true, networkConnectionEnabled: false, pageLoadStrategy: normal, platform: MAC, platformName: MAC, proxy: Proxy(), se:cdp: ws://localhost:63770/devtoo..., se:cdpVersion: 94.0.4606.61, setWindowRect: true, strictFileInteractability: false, timeouts: {implicit: 0, pageLoad: 300000, script: 30000}, unhandledPromptBehavior: dismiss and notify, webauthn:extension:credBlob: true, webauthn:extension:largeBlob: true, webauthn:virtualAuthenticators: true}&#10;Element: [[ChromeDriver: chrome on MAC (67eda134c39f2275df5d6589b323f1c6)] -&gt; xpath: //div[@class=&apos;signin&apos;]/button]&#10;Session ID: 67eda134c39f2275df5d6589b323f1c6" type="org.openqa.selenium.ElementClickInterceptedException"><![CDATA[org.openqa.selenium.ElementClickInterceptedException: 
element click intercepted: Element <button type="button" class="btn btn-primary signin user disabled" disabled="disabled">...</button> is not clickable at point (975, 455). Other element would receive the click: <form id="login-form" action="javascript:;" autocomplete="off" class="" novalidate="novalidate">...</form>
  (Session info: chrome=94.0.4606.61)
Build info: version: '4.0.0-rc-1', revision: 'bc5511cbda'
System info: host: 'Harshithas-MacBook-Pro.local', ip: '2607:fea8:5aa3:1100:0:0:0:698d%en0', os.name: 'Mac OS X', os.arch: 'x86_64', os.version: '10.16', java.version: '11.0.11'
Driver info: org.openqa.selenium.chrome.ChromeDriver
Command: [67eda134c39f2275df5d6589b323f1c6, clickElement {id=970921d1-29e8-4deb-88e2-aa1621aa9500}]
Capabilities {acceptInsecureCerts: false, browserName: chrome, browserVersion: 94.0.4606.61, chrome: {chromedriverVersion: 94.0.4606.61 (418b78f5838ed..., userDataDir: /var/folders/4k/8dh31nz10j5...}, goog:chromeOptions: {debuggerAddress: localhost:63770}, javascriptEnabled: true, networkConnectionEnabled: false, pageLoadStrategy: normal, platform: MAC, platformName: MAC, proxy: Proxy(), se:cdp: ws://localhost:63770/devtoo..., se:cdpVersion: 94.0.4606.61, setWindowRect: true, strictFileInteractability: false, timeouts: {implicit: 0, pageLoad: 300000, script: 30000}, unhandledPromptBehavior: dismiss and notify, webauthn:extension:credBlob: true, webauthn:extension:largeBlob: true, webauthn:virtualAuthenticators: true}
Element: [[ChromeDriver: chrome on MAC (67eda134c39f2275df5d6589b323f1c6)] -> xpath: //div[@class='signin']/button]
Session ID: 67eda134c39f2275df5d6589b323f1c6
	at testscripts.SignInPageTest.signInTest(SignInPageTest.java:33)
]]></failure>
  </testcase>
</testsuite>